{"C:\\Users\\user\\Desktop\\fullstackopen\\fullstackopen\\part5\\src\\App.jsx": {"path":"C:\\Users\\user\\Desktop\\fullstackopen\\fullstackopen\\part5\\src\\App.jsx","statementMap":{"0":{"start":{"line":9,"column":12},"end":{"line":128,"column":1}},"1":{"start":{"line":10,"column":28},"end":{"line":10,"column":40}},"2":{"start":{"line":11,"column":26},"end":{"line":11,"column":40}},"3":{"start":{"line":12,"column":32},"end":{"line":12,"column":46}},"4":{"start":{"line":13,"column":32},"end":{"line":13,"column":47}},"5":{"start":{"line":15,"column":22},"end":{"line":15,"column":30}},"6":{"start":{"line":17,"column":2},"end":{"line":24,"column":8}},"7":{"start":{"line":18,"column":17},"end":{"line":22,"column":5}},"8":{"start":{"line":19,"column":20},"end":{"line":19,"column":46}},"9":{"start":{"line":20,"column":6},"end":{"line":20,"column":26}},"10":{"start":{"line":21,"column":6},"end":{"line":21,"column":23}},"11":{"start":{"line":23,"column":4},"end":{"line":23,"column":10}},"12":{"start":{"line":26,"column":2},"end":{"line":33,"column":8}},"13":{"start":{"line":27,"column":27},"end":{"line":27,"column":75}},"14":{"start":{"line":28,"column":4},"end":{"line":32,"column":5}},"15":{"start":{"line":29,"column":19},"end":{"line":29,"column":45}},"16":{"start":{"line":30,"column":6},"end":{"line":30,"column":19}},"17":{"start":{"line":31,"column":6},"end":{"line":31,"column":38}},"18":{"start":{"line":35,"column":19},"end":{"line":37,"column":3}},"19":{"start":{"line":36,"column":4},"end":{"line":36,"column":28}},"20":{"start":{"line":39,"column":22},"end":{"line":43,"column":3}},"21":{"start":{"line":40,"column":4},"end":{"line":40,"column":74}},"22":{"start":{"line":41,"column":4},"end":{"line":41,"column":36}},"23":{"start":{"line":42,"column":4},"end":{"line":42,"column":17}},"24":{"start":{"line":45,"column":24},"end":{"line":58,"column":3}},"25":{"start":{"line":46,"column":21},"end":{"line":46,"column":51}},"26":{"start":{"line":47,"column":25},"end":{"line":54,"column":6}},"27":{"start":{"line":55,"column":4},"end":{"line":55,"column":31}},"28":{"start":{"line":56,"column":4},"end":{"line":56,"column":26}},"29":{"start":{"line":57,"column":4},"end":{"line":57,"column":42}},"30":{"start":{"line":60,"column":27},"end":{"line":66,"column":3}},"31":{"start":{"line":61,"column":21},"end":{"line":61,"column":58}},"32":{"start":{"line":62,"column":15},"end":{"line":62,"column":58}},"33":{"start":{"line":62,"column":34},"end":{"line":62,"column":57}},"34":{"start":{"line":63,"column":4},"end":{"line":63,"column":31}},"35":{"start":{"line":64,"column":4},"end":{"line":64,"column":24}},"36":{"start":{"line":65,"column":4},"end":{"line":65,"column":19}},"37":{"start":{"line":68,"column":27},"end":{"line":78,"column":3}},"38":{"start":{"line":69,"column":21},"end":{"line":69,"column":59}},"39":{"start":{"line":71,"column":4},"end":{"line":77,"column":5}},"40":{"start":{"line":72,"column":28},"end":{"line":72,"column":79}},"41":{"start":{"line":72,"column":51},"end":{"line":72,"column":78}},"42":{"start":{"line":73,"column":6},"end":{"line":73,"column":34}},"43":{"start":{"line":74,"column":6},"end":{"line":74,"column":29}},"44":{"start":{"line":76,"column":6},"end":{"line":76,"column":31}},"45":{"start":{"line":80,"column":23},"end":{"line":84,"column":3}},"46":{"start":{"line":81,"column":4},"end":{"line":81,"column":55}},"47":{"start":{"line":82,"column":4},"end":{"line":82,"column":30}},"48":{"start":{"line":83,"column":4},"end":{"line":83,"column":17}},"49":{"start":{"line":86,"column":21},"end":{"line":93,"column":3}},"50":{"start":{"line":87,"column":4},"end":{"line":87,"column":36}},"51":{"start":{"line":88,"column":4},"end":{"line":88,"column":36}},"52":{"start":{"line":89,"column":4},"end":{"line":92,"column":12}},"53":{"start":{"line":90,"column":6},"end":{"line":90,"column":22}},"54":{"start":{"line":91,"column":6},"end":{"line":91,"column":23}},"55":{"start":{"line":95,"column":2},"end":{"line":103,"column":3}},"56":{"start":{"line":96,"column":4},"end":{"line":102,"column":5}},"57":{"start":{"line":105,"column":2},"end":{"line":127,"column":3}},"58":{"start":{"line":117,"column":8},"end":{"line":124,"column":10}}},"fnMap":{"0":{"name":"(anonymous_0)","decl":{"start":{"line":9,"column":12},"end":{"line":9,"column":13}},"loc":{"start":{"line":9,"column":18},"end":{"line":128,"column":1}},"line":9},"1":{"name":"(anonymous_1)","decl":{"start":{"line":17,"column":12},"end":{"line":17,"column":13}},"loc":{"start":{"line":17,"column":18},"end":{"line":24,"column":3}},"line":17},"2":{"name":"(anonymous_2)","decl":{"start":{"line":18,"column":17},"end":{"line":18,"column":18}},"loc":{"start":{"line":18,"column":28},"end":{"line":22,"column":5}},"line":18},"3":{"name":"(anonymous_3)","decl":{"start":{"line":26,"column":12},"end":{"line":26,"column":13}},"loc":{"start":{"line":26,"column":18},"end":{"line":33,"column":3}},"line":26},"4":{"name":"(anonymous_4)","decl":{"start":{"line":35,"column":19},"end":{"line":35,"column":20}},"loc":{"start":{"line":35,"column":29},"end":{"line":37,"column":3}},"line":35},"5":{"name":"(anonymous_5)","decl":{"start":{"line":39,"column":22},"end":{"line":39,"column":23}},"loc":{"start":{"line":39,"column":38},"end":{"line":43,"column":3}},"line":39},"6":{"name":"(anonymous_6)","decl":{"start":{"line":45,"column":24},"end":{"line":45,"column":25}},"loc":{"start":{"line":45,"column":39},"end":{"line":58,"column":3}},"line":45},"7":{"name":"(anonymous_7)","decl":{"start":{"line":60,"column":27},"end":{"line":60,"column":28}},"loc":{"start":{"line":60,"column":49},"end":{"line":66,"column":3}},"line":60},"8":{"name":"(anonymous_8)","decl":{"start":{"line":62,"column":26},"end":{"line":62,"column":27}},"loc":{"start":{"line":62,"column":34},"end":{"line":62,"column":57}},"line":62},"9":{"name":"(anonymous_9)","decl":{"start":{"line":68,"column":27},"end":{"line":68,"column":28}},"loc":{"start":{"line":68,"column":50},"end":{"line":78,"column":3}},"line":68},"10":{"name":"(anonymous_10)","decl":{"start":{"line":72,"column":41},"end":{"line":72,"column":42}},"loc":{"start":{"line":72,"column":51},"end":{"line":72,"column":78}},"line":72},"11":{"name":"(anonymous_11)","decl":{"start":{"line":80,"column":23},"end":{"line":80,"column":24}},"loc":{"start":{"line":80,"column":29},"end":{"line":84,"column":3}},"line":80},"12":{"name":"(anonymous_12)","decl":{"start":{"line":86,"column":21},"end":{"line":86,"column":22}},"loc":{"start":{"line":86,"column":39},"end":{"line":93,"column":3}},"line":86},"13":{"name":"(anonymous_13)","decl":{"start":{"line":89,"column":15},"end":{"line":89,"column":16}},"loc":{"start":{"line":89,"column":21},"end":{"line":92,"column":5}},"line":89},"14":{"name":"(anonymous_14)","decl":{"start":{"line":116,"column":17},"end":{"line":116,"column":18}},"loc":{"start":{"line":117,"column":8},"end":{"line":124,"column":10}},"line":117}},"branchMap":{"0":{"loc":{"start":{"line":28,"column":4},"end":{"line":32,"column":5}},"type":"if","locations":[{"start":{"line":28,"column":4},"end":{"line":32,"column":5}},{"start":{},"end":{}}],"line":28},"1":{"loc":{"start":{"line":71,"column":4},"end":{"line":77,"column":5}},"type":"if","locations":[{"start":{"line":71,"column":4},"end":{"line":77,"column":5}},{"start":{"line":75,"column":11},"end":{"line":77,"column":5}}],"line":71},"2":{"loc":{"start":{"line":95,"column":2},"end":{"line":103,"column":3}},"type":"if","locations":[{"start":{"line":95,"column":2},"end":{"line":103,"column":3}},{"start":{},"end":{}}],"line":95}},"s":{"0":0,"1":0,"2":0,"3":0,"4":0,"5":0,"6":0,"7":0,"8":0,"9":0,"10":0,"11":0,"12":0,"13":0,"14":0,"15":0,"16":0,"17":0,"18":0,"19":0,"20":0,"21":0,"22":0,"23":0,"24":0,"25":0,"26":0,"27":0,"28":0,"29":0,"30":0,"31":0,"32":0,"33":0,"34":0,"35":0,"36":0,"37":0,"38":0,"39":0,"40":0,"41":0,"42":0,"43":0,"44":0,"45":0,"46":0,"47":0,"48":0,"49":0,"50":0,"51":0,"52":0,"53":0,"54":0,"55":0,"56":0,"57":0,"58":0},"f":{"0":0,"1":0,"2":0,"3":0,"4":0,"5":0,"6":0,"7":0,"8":0,"9":0,"10":0,"11":0,"12":0,"13":0,"14":0},"b":{"0":[0,0],"1":[0,0],"2":[0,0]}}
,"C:\\Users\\user\\Desktop\\fullstackopen\\fullstackopen\\part5\\src\\main.jsx": {"path":"C:\\Users\\user\\Desktop\\fullstackopen\\fullstackopen\\part5\\src\\main.jsx","statementMap":{"0":{"start":{"line":4,"column":0},"end":{"line":4,"column":68}}},"fnMap":{},"branchMap":{},"s":{"0":0},"f":{},"b":{}}
,"C:\\Users\\user\\Desktop\\fullstackopen\\fullstackopen\\part5\\src\\components\\Blog.jsx": {"path":"C:\\Users\\user\\Desktop\\fullstackopen\\fullstackopen\\part5\\src\\components\\Blog.jsx","statementMap":{"0":{"start":{"line":4,"column":13},"end":{"line":67,"column":1}},"1":{"start":{"line":5,"column":32},"end":{"line":5,"column":47}},"2":{"start":{"line":6,"column":28},"end":{"line":6,"column":48}},"3":{"start":{"line":8,"column":26},"end":{"line":8,"column":60}},"4":{"start":{"line":9,"column":26},"end":{"line":9,"column":60}},"5":{"start":{"line":10,"column":25},"end":{"line":10,"column":144}},"6":{"start":{"line":12,"column":27},"end":{"line":14,"column":3}},"7":{"start":{"line":13,"column":4},"end":{"line":13,"column":24}},"8":{"start":{"line":17,"column":21},"end":{"line":34,"column":3}},"9":{"start":{"line":18,"column":4},"end":{"line":33,"column":5}},"10":{"start":{"line":19,"column":26},"end":{"line":26,"column":7}},"11":{"start":{"line":28,"column":6},"end":{"line":28,"column":41}},"12":{"start":{"line":29,"column":6},"end":{"line":29,"column":25}},"13":{"start":{"line":30,"column":6},"end":{"line":30,"column":103}},"14":{"start":{"line":32,"column":6},"end":{"line":32,"column":73}},"15":{"start":{"line":36,"column":21},"end":{"line":45,"column":3}},"16":{"start":{"line":37,"column":4},"end":{"line":44,"column":5}},"17":{"start":{"line":38,"column":6},"end":{"line":41,"column":7}},"18":{"start":{"line":39,"column":8},"end":{"line":39,"column":36}},"19":{"start":{"line":40,"column":8},"end":{"line":40,"column":105}},"20":{"start":{"line":43,"column":6},"end":{"line":43,"column":73}},"21":{"start":{"line":47,"column":20},"end":{"line":53,"column":3}},"22":{"start":{"line":55,"column":2},"end":{"line":66,"column":3}},"23":{"start":{"line":69,"column":0},"end":{"line":75,"column":1}}},"fnMap":{"0":{"name":"(anonymous_0)","decl":{"start":{"line":4,"column":13},"end":{"line":4,"column":14}},"loc":{"start":{"line":4,"column":96},"end":{"line":67,"column":1}},"line":4},"1":{"name":"(anonymous_1)","decl":{"start":{"line":12,"column":27},"end":{"line":12,"column":28}},"loc":{"start":{"line":12,"column":33},"end":{"line":14,"column":3}},"line":12},"2":{"name":"(anonymous_2)","decl":{"start":{"line":17,"column":21},"end":{"line":17,"column":22}},"loc":{"start":{"line":17,"column":32},"end":{"line":34,"column":3}},"line":17},"3":{"name":"(anonymous_3)","decl":{"start":{"line":36,"column":21},"end":{"line":36,"column":22}},"loc":{"start":{"line":36,"column":32},"end":{"line":45,"column":3}},"line":36}},"branchMap":{"0":{"loc":{"start":{"line":8,"column":37},"end":{"line":8,"column":58}},"type":"cond-expr","locations":[{"start":{"line":8,"column":47},"end":{"line":8,"column":53}},{"start":{"line":8,"column":56},"end":{"line":8,"column":58}}],"line":8},"1":{"loc":{"start":{"line":9,"column":37},"end":{"line":9,"column":58}},"type":"cond-expr","locations":[{"start":{"line":9,"column":47},"end":{"line":9,"column":49}},{"start":{"line":9,"column":52},"end":{"line":9,"column":58}}],"line":9},"2":{"loc":{"start":{"line":10,"column":36},"end":{"line":10,"column":142}},"type":"cond-expr","locations":[{"start":{"line":10,"column":131},"end":{"line":10,"column":133}},{"start":{"line":10,"column":136},"end":{"line":10,"column":142}}],"line":10},"3":{"loc":{"start":{"line":10,"column":36},"end":{"line":10,"column":128}},"type":"binary-expr","locations":[{"start":{"line":10,"column":36},"end":{"line":10,"column":59}},{"start":{"line":10,"column":64},"end":{"line":10,"column":95}},{"start":{"line":10,"column":99},"end":{"line":10,"column":127}}],"line":10},"4":{"loc":{"start":{"line":38,"column":6},"end":{"line":41,"column":7}},"type":"if","locations":[{"start":{"line":38,"column":6},"end":{"line":41,"column":7}},{"start":{},"end":{}}],"line":38},"5":{"loc":{"start":{"line":62,"column":36},"end":{"line":62,"column":133}},"type":"cond-expr","locations":[{"start":{"line":62,"column":62},"end":{"line":62,"column":126}},{"start":{"line":62,"column":129},"end":{"line":62,"column":133}}],"line":62},"6":{"loc":{"start":{"line":62,"column":62},"end":{"line":62,"column":126}},"type":"cond-expr","locations":[{"start":{"line":62,"column":93},"end":{"line":62,"column":107}},{"start":{"line":62,"column":110},"end":{"line":62,"column":126}}],"line":62}},"s":{"0":1,"1":7,"2":7,"3":7,"4":7,"5":7,"6":7,"7":2,"8":7,"9":2,"10":2,"11":2,"12":2,"13":2,"14":0,"15":7,"16":0,"17":0,"18":0,"19":0,"20":0,"21":7,"22":7,"23":1},"f":{"0":7,"1":2,"2":2,"3":0},"b":{"0":[4,3],"1":[4,3],"2":[7,0],"3":[7,7,7],"4":[0,0],"5":[7,0],"6":[0,7]},"_coverageSchema":"1a1c01bbd47fc00a2c39e90264f33305004495a9","hash":"66ad923b675a0c8f71cc2345ec2b12b0aeaa320d"}
,"C:\\Users\\user\\Desktop\\fullstackopen\\fullstackopen\\part5\\src\\components\\BlogForm.jsx": {"path":"C:\\Users\\user\\Desktop\\fullstackopen\\fullstackopen\\part5\\src\\components\\BlogForm.jsx","statementMap":{"0":{"start":{"line":4,"column":17},"end":{"line":71,"column":1}},"1":{"start":{"line":6,"column":28},"end":{"line":6,"column":40}},"2":{"start":{"line":7,"column":30},"end":{"line":7,"column":42}},"3":{"start":{"line":8,"column":24},"end":{"line":8,"column":36}},"4":{"start":{"line":10,"column":18},"end":{"line":30,"column":3}},"5":{"start":{"line":11,"column":4},"end":{"line":11,"column":26}},"6":{"start":{"line":13,"column":4},"end":{"line":29,"column":5}},"7":{"start":{"line":14,"column":19},"end":{"line":18,"column":7}},"8":{"start":{"line":20,"column":6},"end":{"line":20,"column":28}},"9":{"start":{"line":22,"column":6},"end":{"line":22,"column":18}},"10":{"start":{"line":23,"column":6},"end":{"line":23,"column":19}},"11":{"start":{"line":24,"column":6},"end":{"line":24,"column":16}},"12":{"start":{"line":26,"column":6},"end":{"line":26,"column":105}},"13":{"start":{"line":28,"column":6},"end":{"line":28,"column":73}},"14":{"start":{"line":32,"column":2},"end":{"line":70,"column":3}},"15":{"start":{"line":43,"column":31},"end":{"line":43,"column":59}},"16":{"start":{"line":53,"column":31},"end":{"line":53,"column":60}},"17":{"start":{"line":63,"column":31},"end":{"line":63,"column":57}},"18":{"start":{"line":73,"column":0},"end":{"line":76,"column":1}}},"fnMap":{"0":{"name":"(anonymous_0)","decl":{"start":{"line":4,"column":17},"end":{"line":4,"column":18}},"loc":{"start":{"line":4,"column":57},"end":{"line":71,"column":1}},"line":4},"1":{"name":"(anonymous_1)","decl":{"start":{"line":10,"column":18},"end":{"line":10,"column":19}},"loc":{"start":{"line":10,"column":35},"end":{"line":30,"column":3}},"line":10},"2":{"name":"(anonymous_2)","decl":{"start":{"line":43,"column":22},"end":{"line":43,"column":23}},"loc":{"start":{"line":43,"column":31},"end":{"line":43,"column":59}},"line":43},"3":{"name":"(anonymous_3)","decl":{"start":{"line":53,"column":22},"end":{"line":53,"column":23}},"loc":{"start":{"line":53,"column":31},"end":{"line":53,"column":60}},"line":53},"4":{"name":"(anonymous_4)","decl":{"start":{"line":63,"column":22},"end":{"line":63,"column":23}},"loc":{"start":{"line":63,"column":31},"end":{"line":63,"column":57}},"line":63}},"branchMap":{},"s":{"0":1,"1":55,"2":55,"3":55,"4":55,"5":1,"6":1,"7":1,"8":1,"9":1,"10":1,"11":1,"12":1,"13":0,"14":55,"15":18,"16":19,"17":16,"18":1},"f":{"0":55,"1":1,"2":18,"3":19,"4":16},"b":{},"_coverageSchema":"1a1c01bbd47fc00a2c39e90264f33305004495a9","hash":"2323563c9f72fe643ea7dba64578de28243d6bdd"}
,"C:\\Users\\user\\Desktop\\fullstackopen\\fullstackopen\\part5\\src\\components\\LoginForm.jsx": {"path":"C:\\Users\\user\\Desktop\\fullstackopen\\fullstackopen\\part5\\src\\components\\LoginForm.jsx","statementMap":{"0":{"start":{"line":5,"column":18},"end":{"line":51,"column":1}},"1":{"start":{"line":6,"column":34},"end":{"line":6,"column":46}},"2":{"start":{"line":7,"column":34},"end":{"line":7,"column":46}},"3":{"start":{"line":9,"column":16},"end":{"line":22,"column":3}},"4":{"start":{"line":10,"column":4},"end":{"line":10,"column":26}},"5":{"start":{"line":11,"column":4},"end":{"line":21,"column":5}},"6":{"start":{"line":12,"column":19},"end":{"line":12,"column":67}},"7":{"start":{"line":13,"column":6},"end":{"line":13,"column":29}},"8":{"start":{"line":15,"column":6},"end":{"line":15,"column":21}},"9":{"start":{"line":16,"column":6},"end":{"line":16,"column":21}},"10":{"start":{"line":18,"column":6},"end":{"line":18,"column":79}},"11":{"start":{"line":20,"column":6},"end":{"line":20,"column":73}},"12":{"start":{"line":24,"column":2},"end":{"line":50,"column":3}},"13":{"start":{"line":35,"column":31},"end":{"line":35,"column":62}},"14":{"start":{"line":44,"column":31},"end":{"line":44,"column":62}},"15":{"start":{"line":53,"column":0},"end":{"line":56,"column":1}}},"fnMap":{"0":{"name":"(anonymous_0)","decl":{"start":{"line":5,"column":18},"end":{"line":5,"column":19}},"loc":{"start":{"line":5,"column":59},"end":{"line":51,"column":1}},"line":5},"1":{"name":"(anonymous_1)","decl":{"start":{"line":9,"column":16},"end":{"line":9,"column":17}},"loc":{"start":{"line":9,"column":33},"end":{"line":22,"column":3}},"line":9},"2":{"name":"(anonymous_2)","decl":{"start":{"line":35,"column":22},"end":{"line":35,"column":23}},"loc":{"start":{"line":35,"column":31},"end":{"line":35,"column":62}},"line":35},"3":{"name":"(anonymous_3)","decl":{"start":{"line":44,"column":22},"end":{"line":44,"column":23}},"loc":{"start":{"line":44,"column":31},"end":{"line":44,"column":62}},"line":44}},"branchMap":{},"s":{"0":0,"1":0,"2":0,"3":0,"4":0,"5":0,"6":0,"7":0,"8":0,"9":0,"10":0,"11":0,"12":0,"13":0,"14":0,"15":0},"f":{"0":0,"1":0,"2":0,"3":0},"b":{}}
,"C:\\Users\\user\\Desktop\\fullstackopen\\fullstackopen\\part5\\src\\components\\Notification.jsx": {"path":"C:\\Users\\user\\Desktop\\fullstackopen\\fullstackopen\\part5\\src\\components\\Notification.jsx","statementMap":{"0":{"start":{"line":3,"column":21},"end":{"line":34,"column":1}},"1":{"start":{"line":5,"column":2},"end":{"line":7,"column":3}},"2":{"start":{"line":6,"column":4},"end":{"line":6,"column":15}},"3":{"start":{"line":9,"column":23},"end":{"line":17,"column":3}},"4":{"start":{"line":19,"column":21},"end":{"line":27,"column":3}},"5":{"start":{"line":29,"column":2},"end":{"line":33,"column":3}},"6":{"start":{"line":36,"column":0},"end":{"line":39,"column":1}}},"fnMap":{"0":{"name":"(anonymous_0)","decl":{"start":{"line":3,"column":21},"end":{"line":3,"column":22}},"loc":{"start":{"line":3,"column":47},"end":{"line":34,"column":1}},"line":3}},"branchMap":{"0":{"loc":{"start":{"line":5,"column":2},"end":{"line":7,"column":3}},"type":"if","locations":[{"start":{"line":5,"column":2},"end":{"line":7,"column":3}},{"start":{},"end":{}}],"line":5},"1":{"loc":{"start":{"line":30,"column":16},"end":{"line":30,"column":51}},"type":"cond-expr","locations":[{"start":{"line":30,"column":26},"end":{"line":30,"column":36}},{"start":{"line":30,"column":39},"end":{"line":30,"column":51}}],"line":30}},"s":{"0":0,"1":0,"2":0,"3":0,"4":0,"5":0,"6":0},"f":{"0":0},"b":{"0":[0,0],"1":[0,0]}}
,"C:\\Users\\user\\Desktop\\fullstackopen\\fullstackopen\\part5\\src\\components\\Togglable.jsx": {"path":"C:\\Users\\user\\Desktop\\fullstackopen\\fullstackopen\\part5\\src\\components\\Togglable.jsx","statementMap":{"0":{"start":{"line":5,"column":18},"end":{"line":32,"column":2}},"1":{"start":{"line":6,"column":32},"end":{"line":6,"column":47}},"2":{"start":{"line":8,"column":26},"end":{"line":8,"column":60}},"3":{"start":{"line":9,"column":26},"end":{"line":9,"column":60}},"4":{"start":{"line":11,"column":27},"end":{"line":13,"column":3}},"5":{"start":{"line":12,"column":4},"end":{"line":12,"column":24}},"6":{"start":{"line":15,"column":2},"end":{"line":19,"column":4}},"7":{"start":{"line":16,"column":4},"end":{"line":18,"column":5}},"8":{"start":{"line":21,"column":2},"end":{"line":31,"column":3}},"9":{"start":{"line":34,"column":0},"end":{"line":36,"column":1}},"10":{"start":{"line":38,"column":0},"end":{"line":38,"column":35}}},"fnMap":{"0":{"name":"(anonymous_0)","decl":{"start":{"line":5,"column":29},"end":{"line":5,"column":30}},"loc":{"start":{"line":5,"column":46},"end":{"line":32,"column":1}},"line":5},"1":{"name":"(anonymous_1)","decl":{"start":{"line":11,"column":27},"end":{"line":11,"column":28}},"loc":{"start":{"line":11,"column":33},"end":{"line":13,"column":3}},"line":11},"2":{"name":"(anonymous_2)","decl":{"start":{"line":15,"column":28},"end":{"line":15,"column":29}},"loc":{"start":{"line":15,"column":34},"end":{"line":19,"column":3}},"line":15}},"branchMap":{"0":{"loc":{"start":{"line":8,"column":37},"end":{"line":8,"column":58}},"type":"cond-expr","locations":[{"start":{"line":8,"column":47},"end":{"line":8,"column":53}},{"start":{"line":8,"column":56},"end":{"line":8,"column":58}}],"line":8},"1":{"loc":{"start":{"line":9,"column":37},"end":{"line":9,"column":58}},"type":"cond-expr","locations":[{"start":{"line":9,"column":47},"end":{"line":9,"column":49}},{"start":{"line":9,"column":52},"end":{"line":9,"column":58}}],"line":9}},"s":{"0":0,"1":0,"2":0,"3":0,"4":0,"5":0,"6":0,"7":0,"8":0,"9":0,"10":0},"f":{"0":0,"1":0,"2":0},"b":{"0":[0,0],"1":[0,0]}}
,"C:\\Users\\user\\Desktop\\fullstackopen\\fullstackopen\\part5\\src\\services\\blogs.js": {"path":"C:\\Users\\user\\Desktop\\fullstackopen\\fullstackopen\\part5\\src\\services\\blogs.js","statementMap":{"0":{"start":{"line":2,"column":16},"end":{"line":2,"column":28}},"1":{"start":{"line":4,"column":12},"end":{"line":4,"column":16}},"2":{"start":{"line":6,"column":17},"end":{"line":8,"column":1}},"3":{"start":{"line":7,"column":2},"end":{"line":7,"column":30}},"4":{"start":{"line":10,"column":15},"end":{"line":13,"column":1}},"5":{"start":{"line":11,"column":19},"end":{"line":11,"column":43}},"6":{"start":{"line":12,"column":2},"end":{"line":12,"column":22}},"7":{"start":{"line":15,"column":15},"end":{"line":22,"column":1}},"8":{"start":{"line":16,"column":17},"end":{"line":18,"column":3}},"9":{"start":{"line":20,"column":19},"end":{"line":20,"column":63}},"10":{"start":{"line":21,"column":2},"end":{"line":21,"column":22}},"11":{"start":{"line":24,"column":15},"end":{"line":32,"column":1}},"12":{"start":{"line":25,"column":17},"end":{"line":27,"column":3}},"13":{"start":{"line":29,"column":14},"end":{"line":29,"column":46}},"14":{"start":{"line":30,"column":19},"end":{"line":30,"column":62}},"15":{"start":{"line":31,"column":2},"end":{"line":31,"column":22}},"16":{"start":{"line":34,"column":15},"end":{"line":42,"column":1}},"17":{"start":{"line":35,"column":17},"end":{"line":37,"column":3}},"18":{"start":{"line":39,"column":14},"end":{"line":39,"column":39}},"19":{"start":{"line":40,"column":19},"end":{"line":40,"column":50}},"20":{"start":{"line":41,"column":2},"end":{"line":41,"column":24}}},"fnMap":{"0":{"name":"(anonymous_0)","decl":{"start":{"line":6,"column":17},"end":{"line":6,"column":18}},"loc":{"start":{"line":6,"column":29},"end":{"line":8,"column":1}},"line":6},"1":{"name":"(anonymous_1)","decl":{"start":{"line":10,"column":15},"end":{"line":10,"column":16}},"loc":{"start":{"line":10,"column":26},"end":{"line":13,"column":1}},"line":10},"2":{"name":"(anonymous_2)","decl":{"start":{"line":15,"column":15},"end":{"line":15,"column":16}},"loc":{"start":{"line":15,"column":34},"end":{"line":22,"column":1}},"line":15},"3":{"name":"(anonymous_3)","decl":{"start":{"line":24,"column":15},"end":{"line":24,"column":16}},"loc":{"start":{"line":24,"column":38},"end":{"line":32,"column":1}},"line":24},"4":{"name":"(anonymous_4)","decl":{"start":{"line":34,"column":15},"end":{"line":34,"column":16}},"loc":{"start":{"line":34,"column":31},"end":{"line":42,"column":1}},"line":34}},"branchMap":{},"s":{"0":0,"1":0,"2":0,"3":0,"4":0,"5":0,"6":0,"7":0,"8":0,"9":0,"10":0,"11":0,"12":0,"13":0,"14":0,"15":0,"16":0,"17":0,"18":0,"19":0,"20":0},"f":{"0":0,"1":0,"2":0,"3":0,"4":0},"b":{}}
,"C:\\Users\\user\\Desktop\\fullstackopen\\fullstackopen\\part5\\src\\services\\login.js": {"path":"C:\\Users\\user\\Desktop\\fullstackopen\\fullstackopen\\part5\\src\\services\\login.js","statementMap":{"0":{"start":{"line":2,"column":16},"end":{"line":2,"column":28}},"1":{"start":{"line":4,"column":14},"end":{"line":7,"column":1}},"2":{"start":{"line":5,"column":19},"end":{"line":5,"column":57}},"3":{"start":{"line":6,"column":2},"end":{"line":6,"column":22}}},"fnMap":{"0":{"name":"(anonymous_0)","decl":{"start":{"line":4,"column":14},"end":{"line":4,"column":15}},"loc":{"start":{"line":4,"column":35},"end":{"line":7,"column":1}},"line":4}},"branchMap":{},"s":{"0":0,"1":0,"2":0,"3":0},"f":{"0":0},"b":{}}
}
